[0.084s] Invoking command in '/home/jaime/RM3_ws/build/controller_manager_msgs': CMAKE_PREFIX_PATH=/opt/ros/foxy /usr/bin/cmake /home/jaime/RM3_ws/src/ros2_control/controller_manager_msgs -DAMENT_CMAKE_SYMLINK_INSTALL=1 -DCMAKE_INSTALL_PREFIX=/home/jaime/RM3_ws/install/controller_manager_msgs
[0.999s] -- Found ament_cmake: 0.9.9 (/opt/ros/foxy/share/ament_cmake/cmake)
[1.000s] -- Found PythonInterp: /usr/bin/python3 (found suitable version "3.8.10", minimum required is "3") 
[1.000s] -- Using PYTHON_EXECUTABLE: /usr/bin/python3
[1.000s] -- Override CMake install command with custom implementation using symlinks instead of copying resources
[1.000s] -- Found builtin_interfaces: 1.0.0 (/opt/ros/foxy/share/builtin_interfaces/cmake)
[1.000s] -- Using all available rosidl_typesupport_c: rosidl_typesupport_fastrtps_c;rosidl_typesupport_introspection_c
[1.000s] -- Found rosidl_adapter: 1.2.1 (/opt/ros/foxy/share/rosidl_adapter/cmake)
[1.000s] -- Using all available rosidl_typesupport_cpp: rosidl_typesupport_fastrtps_cpp;rosidl_typesupport_introspection_cpp
[1.000s] -- Found rosidl_default_generators: 1.0.1 (/opt/ros/foxy/share/rosidl_default_generators/cmake)
[1.001s] -- Found ament_lint_auto: 0.9.6 (/opt/ros/foxy/share/ament_lint_auto/cmake)
[1.001s] -- Found PythonInterp: /usr/bin/python3 (found version "3.8.10") 
[1.001s] -- Found ament_cmake_ros: 0.9.2 (/opt/ros/foxy/share/ament_cmake_ros/cmake)
[1.143s] -- Using all available rosidl_typesupport_c: rosidl_typesupport_fastrtps_c;rosidl_typesupport_introspection_c
[1.176s] -- Using all available rosidl_typesupport_cpp: rosidl_typesupport_fastrtps_cpp;rosidl_typesupport_introspection_cpp
[1.222s] -- Found PythonInterp: /usr/bin/python3 (found suitable version "3.8.10", minimum required is "3.5") 
[1.223s] -- Found python_cmake_module: 0.8.1 (/opt/ros/foxy/share/python_cmake_module/cmake)
[1.289s] -- Using PYTHON_EXECUTABLE: /usr/bin/python3
[1.289s] -- Using PYTHON_INCLUDE_DIRS: /usr/include/python3.8
[1.289s] -- Using PYTHON_LIBRARIES: /usr/lib/x86_64-linux-gnu/libpython3.8.so
[1.354s] -- Added test 'copyright' to check source files copyright and LICENSE
[1.356s] -- Added test 'lint_cmake' to check CMake code style
[1.357s] -- Added test 'xmllint' to check XML markup files
[1.368s] -- Configuring done
[1.560s] -- Generating done
[1.568s] -- Build files have been written to: /home/jaime/RM3_ws/build/controller_manager_msgs
[1.583s] Invoked command in '/home/jaime/RM3_ws/build/controller_manager_msgs' returned '0': CMAKE_PREFIX_PATH=/opt/ros/foxy /usr/bin/cmake /home/jaime/RM3_ws/src/ros2_control/controller_manager_msgs -DAMENT_CMAKE_SYMLINK_INSTALL=1 -DCMAKE_INSTALL_PREFIX=/home/jaime/RM3_ws/install/controller_manager_msgs
[1.586s] Invoking command in '/home/jaime/RM3_ws/build/controller_manager_msgs': CMAKE_PREFIX_PATH=/opt/ros/foxy /usr/bin/cmake --build /home/jaime/RM3_ws/build/controller_manager_msgs
[1.718s] [ 12%] Built target controller_manager_msgs__rosidl_generator_c
[1.751s] [ 12%] Built target controller_manager_msgs__cpp
[1.818s] [ 24%] Built target controller_manager_msgs__rosidl_typesupport_introspection_c
[1.844s] [ 36%] Built target controller_manager_msgs__rosidl_typesupport_c
[1.891s] [ 48%] Built target controller_manager_msgs__rosidl_typesupport_introspection_cpp
[1.912s] [ 60%] Built target controller_manager_msgs__rosidl_typesupport_cpp
[1.961s] [ 72%] Built target controller_manager_msgs__rosidl_typesupport_fastrtps_cpp
[2.056s] [ 84%] Built target controller_manager_msgs__rosidl_typesupport_fastrtps_c
[2.125s] [ 84%] Built target controller_manager_msgs
[2.209s] [ 85%] Built target controller_manager_msgs__py
[2.262s] [ 96%] Built target controller_manager_msgs__python
[2.389s] [ 98%] Built target controller_manager_msgs__rosidl_typesupport_introspection_c__pyext
[2.411s] [ 99%] Built target controller_manager_msgs__rosidl_typesupport_c__pyext
[2.432s] [100%] Built target controller_manager_msgs__rosidl_typesupport_fastrtps_c__pyext
[2.482s] Invoked command in '/home/jaime/RM3_ws/build/controller_manager_msgs' returned '0': CMAKE_PREFIX_PATH=/opt/ros/foxy /usr/bin/cmake --build /home/jaime/RM3_ws/build/controller_manager_msgs
[3.062s] Traceback (most recent call last):
  File "/usr/lib/python3/dist-packages/colcon_parallel_executor/executor/parallel.py", line 67, in execute
    loop.run_until_complete(future)
  File "/usr/lib/python3.8/asyncio/base_events.py", line 603, in run_until_complete
    self.run_forever()
  File "/usr/lib/python3.8/asyncio/base_events.py", line 570, in run_forever
    self._run_once()
  File "/usr/lib/python3.8/asyncio/base_events.py", line 1823, in _run_once
    event_list = self._selector.select(timeout)
  File "/usr/lib/python3.8/selectors.py", line 478, in select
    key = self._key_from_fd(fd)
  File "/usr/lib/python3.8/selectors.py", line 285, in _key_from_fd
    return self._fd_to_key[fd]
KeyboardInterrupt

During handling of the above exception, another exception occurred:

Traceback (most recent call last):
  File "/usr/lib/python3/dist-packages/colcon_core/executor/__init__.py", line 91, in __call__
    rc = await self.task(*args, **kwargs)
  File "/usr/lib/python3/dist-packages/colcon_core/task/__init__.py", line 93, in __call__
    return await task_method(*args, **kwargs)
  File "/usr/lib/python3/dist-packages/colcon_ros/task/ament_cmake/build.py", line 59, in build
    rc = await extension.build(
  File "/usr/lib/python3/dist-packages/colcon_cmake/task/cmake/build.py", line 110, in build
    if await has_target(args.build_base, 'install'):
  File "/usr/lib/python3/dist-packages/colcon_cmake/task/cmake/__init__.py", line 57, in has_target
    return target in await get_makefile_targets(path)
  File "/usr/lib/python3/dist-packages/colcon_cmake/task/cmake/__init__.py", line 77, in get_makefile_targets
    output = await check_output([
  File "/usr/lib/python3/dist-packages/colcon_core/subprocess.py", line 128, in check_output
    assert not rc, f'Expected {args} to pass: {stderr_data}'
AssertionError: Expected ['/usr/bin/cmake', '--build', '/home/jaime/RM3_ws/build/controller_manager_msgs', '--target', 'help'] to pass: make: *** wait: No hay ningún proceso hijo.  Alto.
make: *** Se espera a que terminen otras tareas....
make: *** wait: No hay ningún proceso hijo.  Alto.

